GameFramework.obj : error LNK2019: "public: void __cdecl CUI::CreateDirect2DDevice(struct HWND__ *,struct ID3D12Device *,struct ID3D12GraphicsCommandList *,struct ID3D12CommandQueue *,struct ID3D12Resource * * const)" (?CreateDirect2DDevice@CUI@@QEAAXPEAUHWND__@@PEAUID3D12Device@@PEAUID3D12GraphicsCommandList@@PEAUID3D12CommandQueue@@QEAPEAUID3D12Resource@@@Z)"public: void __cdecl CGameFramework::BuildObjects(int)" (?BuildObjects@CGameFramework@@QEAAXH@Z) 함수에서 참조되는 확인할 수 없는 외부 기호
GameFramework.obj : error LNK2001: 확인할 수 없는 외부 기호 "public: virtual void __cdecl CPlayScene::BuildObjects(struct ID3D12Device *,struct ID3D12GraphicsCommandList *,int)" (?BuildObjects@CPlayScene@@UEAAXPEAUID3D12Device@@PEAUID3D12GraphicsCommandList@@H@Z)
GameFramework.obj : error LNK2001: 확인할 수 없는 외부 기호 "public: virtual bool __cdecl CPlayScene::ProcessInput(struct HWND__ *,struct tagPOINT,unsigned char *)" (?ProcessInput@CPlayScene@@UEAA_NPEAUHWND__@@UtagPOINT@@PEAE@Z)
GameFramework.obj : error LNK2001: 확인할 수 없는 외부 기호 "public: virtual bool __cdecl CPlayScene::OnProcessingKeyboardMessage(struct HWND__ *,unsigned int,unsigned __int64,__int64)" (?OnProcessingKeyboardMessage@CPlayScene@@UEAA_NPEAUHWND__@@I_K_J@Z)
GameFramework.obj : error LNK2001: 확인할 수 없는 외부 기호 "public: virtual void __cdecl CPlayScene::AnimateObjects(float)" (?AnimateObjects@CPlayScene@@UEAAXM@Z)
GameFramework.obj : error LNK2001: 확인할 수 없는 외부 기호 "public: virtual void __cdecl CPlayScene::ProcessPacket(char *)" (?ProcessPacket@CPlayScene@@UEAAXPEAD@Z)
GameFramework.obj : error LNK2001: 확인할 수 없는 외부 기호 "public: virtual void __cdecl CPrepareRoomScene::BuildObjects(struct ID3D12Device *,struct ID3D12GraphicsCommandList *,int)" (?BuildObjects@CPrepareRoomScene@@UEAAXPEAUID3D12Device@@PEAUID3D12GraphicsCommandList@@H@Z)
GameFramework.obj : error LNK2001: 확인할 수 없는 외부 기호 "public: virtual bool __cdecl CPrepareRoomScene::ProcessInput(struct HWND__ *,struct tagPOINT,unsigned char *)" (?ProcessInput@CPrepareRoomScene@@UEAA_NPEAUHWND__@@UtagPOINT@@PEAE@Z)
GameFramework.obj : error LNK2001: 확인할 수 없는 외부 기호 "public: virtual bool __cdecl CPrepareRoomScene::OnProcessingKeyboardMessage(struct HWND__ *,unsigned int,unsigned __int64,__int64)" (?OnProcessingKeyboardMessage@CPrepareRoomScene@@UEAA_NPEAUHWND__@@I_K_J@Z)
GameFramework.obj : error LNK2001: 확인할 수 없는 외부 기호 "public: virtual void __cdecl CPrepareRoomScene::ReleaseObjects(void)" (?ReleaseObjects@CPrepareRoomScene@@UEAAXXZ)
GameFramework.obj : error LNK2001: 확인할 수 없는 외부 기호 "public: virtual void __cdecl CPrepareRoomScene::Render(struct ID3D12GraphicsCommandList *,class CCamera *)" (?Render@CPrepareRoomScene@@UEAAXPEAUID3D12GraphicsCommandList@@PEAVCCamera@@@Z)
GameFramework.obj : error LNK2001: 확인할 수 없는 외부 기호 "public: virtual void __cdecl CPrepareRoomScene::ReleaseUploadBuffers(void)" (?ReleaseUploadBuffers@CPrepareRoomScene@@UEAAXXZ)
GameFramework.obj : error LNK2001: 확인할 수 없는 외부 기호 "public: virtual bool __cdecl CPrepareRoomScene::AllPlayerReady(void)" (?AllPlayerReady@CPrepareRoomScene@@UEAA_NXZ)
GameFramework.obj : error LNK2001: 확인할 수 없는 외부 기호 "public: virtual void __cdecl CPrepareRoomScene::SetChangedModel(struct ID3D12Device *,struct ID3D12GraphicsCommandList *)" (?SetChangedModel@CPrepareRoomScene@@UEAAXPEAUID3D12Device@@PEAUID3D12GraphicsCommandList@@@Z)
GameFramework.obj : error LNK2001: 확인할 수 없는 외부 기호 "public: virtual void __cdecl CPrepareRoomScene::ProcessPacket(char *)" (?ProcessPacket@CPrepareRoomScene@@UEAAXPEAD@Z)
GameFramework.obj : error LNK2001: 확인할 수 없는 외부 기호 "public: virtual int __cdecl CPrepareRoomScene::getModelInfo(void)" (?getModelInfo@CPrepareRoomScene@@UEAAHXZ)
Object.obj : error LNK2019: "public: __cdecl CAnimationSet::CAnimationSet(float,int,int,int,char *)" (??0CAnimationSet@@QEAA@MHHHPEAD@Z)"public: static void __cdecl CGameObject::LoadAnimationFromFile(struct _iobuf *,class CLoadedModelInfo *)" (?LoadAnimationFromFile@CGameObject@@SAXPEAU_iobuf@@PEAVCLoadedModelInfo@@@Z) 함수에서 참조되는 확인할 수 없는 외부 기호
Object.obj : error LNK2019: "public: __cdecl CAnimationSets::CAnimationSets(int)" (??0CAnimationSets@@QEAA@H@Z)"public: static void __cdecl CGameObject::LoadAnimationFromFile(struct _iobuf *,class CLoadedModelInfo *)" (?LoadAnimationFromFile@CGameObject@@SAXPEAU_iobuf@@PEAVCLoadedModelInfo@@@Z) 함수에서 참조되는 확인할 수 없는 외부 기호
Object.obj : error LNK2019: "public: __cdecl CLoadedModelInfo::~CLoadedModelInfo(void)" (??1CLoadedModelInfo@@QEAA@XZ)"public: void * __cdecl CLoadedModelInfo::`scalar deleting destructor'(unsigned int)" (??_GCLoadedModelInfo@@QEAAPEAXI@Z) 함수에서 참조되는 확인할 수 없는 외부 기호
Shader.obj : error LNK2001: 확인할 수 없는 외부 기호 "public: __cdecl CLoadedModelInfo::~CLoadedModelInfo(void)" (??1CLoadedModelInfo@@QEAA@XZ)
Object.obj : error LNK2019: "public: void __cdecl CLoadedModelInfo::PrepareSkinning(void)" (?PrepareSkinning@CLoadedModelInfo@@QEAAXXZ)"public: static class CLoadedModelInfo * __cdecl CGameObject::LoadGeometryAndAnimationFromFile(struct ID3D12Device *,struct ID3D12GraphicsCommandList *,struct ID3D12RootSignature *,char *,class CShader *)" (?LoadGeometryAndAnimationFromFile@CGameObject@@SAPEAVCLoadedModelInfo@@PEAUID3D12Device@@PEAUID3D12GraphicsCommandList@@PEAUID3D12RootSignature@@PEADPEAVCShader@@@Z) 함수에서 참조되는 확인할 수 없는 외부 기호
Object.obj : error LNK2019: "public: __cdecl CAnimationController::CAnimationController(struct ID3D12Device *,struct ID3D12GraphicsCommandList *,int,class CLoadedModelInfo *)" (??0CAnimationController@@QEAA@PEAUID3D12Device@@PEAUID3D12GraphicsCommandList@@HPEAVCLoadedModelInfo@@@Z)"public: __cdecl CAngrybotAnimationController::CAngrybotAnimationController(struct ID3D12Device *,struct ID3D12GraphicsCommandList *,int,class CLoadedModelInfo *)" (??0CAngrybotAnimationController@@QEAA@PEAUID3D12Device@@PEAUID3D12GraphicsCommandList@@HPEAVCLoadedModelInfo@@@Z) 함수에서 참조되는 확인할 수 없는 외부 기호
Object.obj : error LNK2019: "public: __cdecl CAnimationController::~CAnimationController(void)" (??1CAnimationController@@QEAA@XZ)"public: __cdecl CAngrybotAnimationController::~CAngrybotAnimationController(void)" (??1CAngrybotAnimationController@@QEAA@XZ) 함수에서 참조되는 확인할 수 없는 외부 기호
Object.obj : error LNK2019: "public: void __cdecl CAnimationController::UpdateShaderVariables(struct ID3D12GraphicsCommandList *)" (?UpdateShaderVariables@CAnimationController@@QEAAXPEAUID3D12GraphicsCommandList@@@Z)"public: virtual void __cdecl CGameObject::Render(struct ID3D12GraphicsCommandList *,class CCamera *)" (?Render@CGameObject@@UEAAXPEAUID3D12GraphicsCommandList@@PEAVCCamera@@@Z) 함수에서 참조되는 확인할 수 없는 외부 기호
Object.obj : error LNK2019: "public: void __cdecl CAnimationController::SetTrackAnimationSet(int,int)" (?SetTrackAnimationSet@CAnimationController@@QEAAXHH@Z)"public: __cdecl CRobotObject::CRobotObject(struct ID3D12Device *,struct ID3D12GraphicsCommandList *,struct ID3D12RootSignature *,class CLoadedModelInfo *,int)" (??0CRobotObject@@QEAA@PEAUID3D12Device@@PEAUID3D12GraphicsCommandList@@PEAUID3D12RootSignature@@PEAVCLoadedModelInfo@@H@Z) 함수에서 참조되는 확인할 수 없는 외부 기호
Shader.obj : error LNK2001: 확인할 수 없는 외부 기호 "public: void __cdecl CAnimationController::SetTrackAnimationSet(int,int)" (?SetTrackAnimationSet@CAnimationController@@QEAAXHH@Z)
Object.obj : error LNK2019: "public: void __cdecl CAnimationController::SetTrackEnable(int,bool)" (?SetTrackEnable@CAnimationController@@QEAAXH_N@Z)"public: __cdecl CRobotObject::CRobotObject(struct ID3D12Device *,struct ID3D12GraphicsCommandList *,struct ID3D12RootSignature *,class CLoadedModelInfo *,int)" (??0CRobotObject@@QEAA@PEAUID3D12Device@@PEAUID3D12GraphicsCommandList@@PEAUID3D12RootSignature@@PEAVCLoadedModelInfo@@H@Z) 함수에서 참조되는 확인할 수 없는 외부 기호
Object.obj : error LNK2019: "public: void __cdecl CAnimationController::SetTrackPosition(int,float)" (?SetTrackPosition@CAnimationController@@QEAAXHM@Z)"public: void __cdecl CGameObject::SetTrackAnimationPosition(int,float)" (?SetTrackAnimationPosition@CGameObject@@QEAAXHM@Z) 함수에서 참조되는 확인할 수 없는 외부 기호
Shader.obj : error LNK2001: 확인할 수 없는 외부 기호 "public: void __cdecl CAnimationController::SetTrackPosition(int,float)" (?SetTrackPosition@CAnimationController@@QEAAXHM@Z)
Object.obj : error LNK2019: "public: void __cdecl CAnimationController::SetTrackSpeed(int,float)" (?SetTrackSpeed@CAnimationController@@QEAAXHM@Z)"public: __cdecl CRobotObject::CRobotObject(struct ID3D12Device *,struct ID3D12GraphicsCommandList *,struct ID3D12RootSignature *,class CLoadedModelInfo *,int)" (??0CRobotObject@@QEAA@PEAUID3D12Device@@PEAUID3D12GraphicsCommandList@@PEAUID3D12RootSignature@@PEAVCLoadedModelInfo@@H@Z) 함수에서 참조되는 확인할 수 없는 외부 기호
Shader.obj : error LNK2001: 확인할 수 없는 외부 기호 "public: void __cdecl CAnimationController::SetTrackSpeed(int,float)" (?SetTrackSpeed@CAnimationController@@QEAAXHM@Z)
Object.obj : error LNK2019: "public: void __cdecl CAnimationController::AdvanceTime(float,class CGameObject *)" (?AdvanceTime@CAnimationController@@QEAAXMPEAVCGameObject@@@Z)"public: virtual void __cdecl CGameObject::Animate(float)" (?Animate@CGameObject@@UEAAXM@Z) 함수에서 참조되는 확인할 수 없는 외부 기호
Object.obj : error LNK2019: "public: void __cdecl CAnimationController::SetTrackBlending(int,int)" (?SetTrackBlending@CAnimationController@@QEAAXHH@Z)"public: void __cdecl CRobotObject::AnimationBlending(enum Player_Animation_ST,enum Player_Animation_ST)" (?AnimationBlending@CRobotObject@@QEAAXW4Player_Animation_ST@@0@Z) 함수에서 참조되는 확인할 수 없는 외부 기호
Object.obj : error LNK2019: "public: void __cdecl CAnimationController::SetAllTrackDisable(void)" (?SetAllTrackDisable@CAnimationController@@QEAAXXZ)"public: __cdecl CRobotObject::CRobotObject(struct ID3D12Device *,struct ID3D12GraphicsCommandList *,struct ID3D12RootSignature *,class CLoadedModelInfo *,int)" (??0CRobotObject@@QEAA@PEAUID3D12Device@@PEAUID3D12GraphicsCommandList@@PEAUID3D12RootSignature@@PEAVCLoadedModelInfo@@H@Z) 함수에서 참조되는 확인할 수 없는 외부 기호
Scene.obj : error LNK2019: "public: __cdecl CUI::~CUI(void)" (??1CUI@@QEAA@XZ)"public: void * __cdecl CUI::`scalar deleting destructor'(unsigned int)" (??_GCUI@@QEAAPEAXI@Z) 함수에서 참조되는 확인할 수 없는 외부 기호
Scene.obj : error LNK2019: "public: void __cdecl CUI::Release(void)" (?Release@CUI@@QEAAXXZ)"public: virtual void __cdecl CScene::ReleaseObjects(void)" (?ReleaseObjects@CScene@@UEAAXXZ) 함수에서 참조되는 확인할 수 없는 외부 기호
C:\Users\jinsu\Desktop\졸작\CyberZ\Client\x64\Debug\CyberZ_Client.exe : fatal error LNK1120: 32개의 확인할 수 없는 외부 참조입니다.
