  DBConnection.cpp
  DBConnectionPool.cpp
  GameMap.cpp
C:\Users\jinsu\Desktop\대학교\졸작\CyberZ\Protocol.h(67,26): warning C4309: '초기화 중': 상수 값이 잘립니다.
C:\Users\jinsu\Desktop\대학교\졸작\CyberZ\Protocol.h(68,28): warning C4309: '초기화 중': 상수 값이 잘립니다.
C:\Users\jinsu\Desktop\대학교\졸작\CyberZ\Protocol.h(69,32): warning C4309: '초기화 중': 상수 값이 잘립니다.
C:\Users\jinsu\Desktop\대학교\졸작\CyberZ\Protocol.h(93,26): warning C4309: '초기화 중': 상수 값이 잘립니다.
C:\Users\jinsu\Desktop\대학교\졸작\CyberZ\Protocol.h(94,29): warning C4309: '초기화 중': 상수 값이 잘립니다.
C:\Users\jinsu\Desktop\대학교\졸작\CyberZ\Server\GameMap.h(188,43): warning C4244: 'return': 'int'에서 'float'(으)로 변환하면서 데이터가 손실될 수 있습니다.
C:\Program Files\Microsoft Visual Studio\2022\Community\VC\Tools\MSVC\14.40.33807\include\xutility(374,75): warning C4244: '인수': 'float'에서 'int'(으)로 변환하면서 데이터가 손실될 수 있습니다.
C:\Program Files\Microsoft Visual Studio\2022\Community\VC\Tools\MSVC\14.40.33807\include\xutility(375,90): warning C4244: '인수': 'float'에서 'int'(으)로 변환하면서 데이터가 손실될 수 있습니다.
  main.cpp
C:\Users\jinsu\Desktop\대학교\졸작\CyberZ\Protocol.h(67,26): warning C4309: '초기화 중': 상수 값이 잘립니다.
C:\Users\jinsu\Desktop\대학교\졸작\CyberZ\Protocol.h(68,28): warning C4309: '초기화 중': 상수 값이 잘립니다.
C:\Users\jinsu\Desktop\대학교\졸작\CyberZ\Protocol.h(69,32): warning C4309: '초기화 중': 상수 값이 잘립니다.
C:\Users\jinsu\Desktop\대학교\졸작\CyberZ\Protocol.h(93,26): warning C4309: '초기화 중': 상수 값이 잘립니다.
C:\Users\jinsu\Desktop\대학교\졸작\CyberZ\Protocol.h(94,29): warning C4309: '초기화 중': 상수 값이 잘립니다.
C:\Users\jinsu\Desktop\대학교\졸작\CyberZ\Server\GameMap.h(188,43): warning C4244: 'return': 'int'에서 'float'(으)로 변환하면서 데이터가 손실될 수 있습니다.
C:\Program Files\Microsoft Visual Studio\2022\Community\VC\Tools\MSVC\14.40.33807\include\xutility(374,75): warning C4244: '인수': 'float'에서 'int'(으)로 변환하면서 데이터가 손실될 수 있습니다.
C:\Program Files\Microsoft Visual Studio\2022\Community\VC\Tools\MSVC\14.40.33807\include\xutility(375,90): warning C4244: '인수': 'float'에서 'int'(으)로 변환하면서 데이터가 손실될 수 있습니다.
  NPC.cpp
C:\Users\jinsu\Desktop\대학교\졸작\CyberZ\Protocol.h(67,26): warning C4309: '초기화 중': 상수 값이 잘립니다.
C:\Users\jinsu\Desktop\대학교\졸작\CyberZ\Protocol.h(68,28): warning C4309: '초기화 중': 상수 값이 잘립니다.
C:\Users\jinsu\Desktop\대학교\졸작\CyberZ\Protocol.h(69,32): warning C4309: '초기화 중': 상수 값이 잘립니다.
C:\Users\jinsu\Desktop\대학교\졸작\CyberZ\Protocol.h(93,26): warning C4309: '초기화 중': 상수 값이 잘립니다.
C:\Users\jinsu\Desktop\대학교\졸작\CyberZ\Protocol.h(94,29): warning C4309: '초기화 중': 상수 값이 잘립니다.
C:\Users\jinsu\Desktop\대학교\졸작\CyberZ\Server\GameMap.h(188,43): warning C4244: 'return': 'int'에서 'float'(으)로 변환하면서 데이터가 손실될 수 있습니다.
C:\Program Files\Microsoft Visual Studio\2022\Community\VC\Tools\MSVC\14.40.33807\include\xutility(374,75): warning C4244: '인수': 'float'에서 'int'(으)로 변환하면서 데이터가 손실될 수 있습니다.
C:\Program Files\Microsoft Visual Studio\2022\Community\VC\Tools\MSVC\14.40.33807\include\xutility(375,90): warning C4244: '인수': 'float'에서 'int'(으)로 변환하면서 데이터가 손실될 수 있습니다.
  Server.cpp
C:\Users\jinsu\Desktop\대학교\졸작\CyberZ\Protocol.h(67,26): warning C4309: '초기화 중': 상수 값이 잘립니다.
C:\Users\jinsu\Desktop\대학교\졸작\CyberZ\Protocol.h(68,28): warning C4309: '초기화 중': 상수 값이 잘립니다.
C:\Users\jinsu\Desktop\대학교\졸작\CyberZ\Protocol.h(69,32): warning C4309: '초기화 중': 상수 값이 잘립니다.
C:\Users\jinsu\Desktop\대학교\졸작\CyberZ\Protocol.h(93,26): warning C4309: '초기화 중': 상수 값이 잘립니다.
C:\Users\jinsu\Desktop\대학교\졸작\CyberZ\Protocol.h(94,29): warning C4309: '초기화 중': 상수 값이 잘립니다.
C:\Users\jinsu\Desktop\대학교\졸작\CyberZ\Server\GameMap.h(188,43): warning C4244: 'return': 'int'에서 'float'(으)로 변환하면서 데이터가 손실될 수 있습니다.
C:\Program Files\Microsoft Visual Studio\2022\Community\VC\Tools\MSVC\14.40.33807\include\xutility(374,75): warning C4244: '인수': 'float'에서 'int'(으)로 변환하면서 데이터가 손실될 수 있습니다.
C:\Program Files\Microsoft Visual Studio\2022\Community\VC\Tools\MSVC\14.40.33807\include\xutility(375,90): warning C4244: '인수': 'float'에서 'int'(으)로 변환하면서 데이터가 손실될 수 있습니다.
  Object.cpp
C:\Users\jinsu\Desktop\대학교\졸작\CyberZ\Protocol.h(67,26): warning C4309: '초기화 중': 상수 값이 잘립니다.
C:\Users\jinsu\Desktop\대학교\졸작\CyberZ\Protocol.h(68,28): warning C4309: '초기화 중': 상수 값이 잘립니다.
C:\Users\jinsu\Desktop\대학교\졸작\CyberZ\Protocol.h(69,32): warning C4309: '초기화 중': 상수 값이 잘립니다.
C:\Users\jinsu\Desktop\대학교\졸작\CyberZ\Protocol.h(93,26): warning C4309: '초기화 중': 상수 값이 잘립니다.
C:\Users\jinsu\Desktop\대학교\졸작\CyberZ\Protocol.h(94,29): warning C4309: '초기화 중': 상수 값이 잘립니다.
  Session.cpp
C:\Users\jinsu\Desktop\대학교\졸작\CyberZ\Protocol.h(67,26): warning C4309: '초기화 중': 상수 값이 잘립니다.
C:\Users\jinsu\Desktop\대학교\졸작\CyberZ\Protocol.h(68,28): warning C4309: '초기화 중': 상수 값이 잘립니다.
C:\Users\jinsu\Desktop\대학교\졸작\CyberZ\Protocol.h(69,32): warning C4309: '초기화 중': 상수 값이 잘립니다.
C:\Users\jinsu\Desktop\대학교\졸작\CyberZ\Protocol.h(93,26): warning C4309: '초기화 중': 상수 값이 잘립니다.
C:\Users\jinsu\Desktop\대학교\졸작\CyberZ\Protocol.h(94,29): warning C4309: '초기화 중': 상수 값이 잘립니다.
  코드를 생성하고 있습니다.
C:\Users\jinsu\Desktop\대학교\졸작\CyberZ\Server\GameMap.h(225): warning C4715: 'GameMap::getSector': 모든 제어 경로에서 값을 반환하지는 않습니다.
  1702 of 1731 functions (98.3%) were compiled, the rest were copied from previous compilation.
    2 functions were new in current compilation
    2 functions had inline decision re-evaluated but remain unchanged
  코드를 생성했습니다.
  CyberZ_Server.vcxproj -> C:\Users\jinsu\Desktop\대학교\졸작\CyberZ\Server\x64\Release\CyberZ_Server.exe
